<?xml version="1.0" encoding="UTF-8"?>
<testsuite xmlns:xsi="http://www.w3.org/2001/XMLSchema-instance" xsi:noNamespaceSchemaLocation="https://maven.apache.org/surefire/maven-surefire-plugin/xsd/surefire-test-report.xsd" name="calculator_lyit.AppTest" time="0.201" tests="5" errors="0" skipped="0" failures="0">
  <properties>
[...]
</properties>
  <testcase name="subtract" classname="calculator_lyit.AppTest" time="0.101"/>
  <testcase name="divide" classname="calculator_lyit.AppTest" time="0.005"/>
  <testcase name="modulo" classname="calculator_lyit.AppTest" time="0.01"/>
  <testcase name="add" classname="calculator_lyit.AppTest" time="0.006"/>
  <testcase name="multiply" classname="calculator_lyit.AppTest" time="0.006"/>
</testsuite>